<?xml version="1.0" encoding="UTF-8"?>
<testng-results skipped="0" failed="0" total="1" passed="1">
  <reporter-output>
  </reporter-output>
  <suite name="Suite" duration-ms="47302" started-at="2019-10-13T00:17:03Z" finished-at="2019-10-13T00:17:50Z">
    <groups>
    </groups>
    <test name="Test" duration-ms="47302" started-at="2019-10-13T00:17:03Z" finished-at="2019-10-13T00:17:50Z">
      <class name="org.isb.training.selenium.RunTest">
        <test-method status="PASS" signature="beforeClass()[pri:0, instance:org.isb.training.selenium.RunTest@3cbbc1e0]" name="beforeClass" is-config="true" duration-ms="5" started-at="2019-10-12T20:17:03Z" finished-at="2019-10-12T20:17:03Z">
          <reporter-output>
          </reporter-output>
        </test-method> <!-- beforeClass -->
        <test-method status="PASS" signature="verifySearchButton()[pri:0, instance:org.isb.training.selenium.RunTest@3cbbc1e0]" name="verifySearchButton" duration-ms="47289" started-at="2019-10-12T20:17:03Z" finished-at="2019-10-12T20:17:50Z">
          <reporter-output>
          </reporter-output>
        </test-method> <!-- verifySearchButton -->
        <test-method status="PASS" signature="afterClass()[pri:0, instance:org.isb.training.selenium.RunTest@3cbbc1e0]" name="afterClass" is-config="true" duration-ms="1" started-at="2019-10-12T20:17:50Z" finished-at="2019-10-12T20:17:50Z">
          <reporter-output>
          </reporter-output>
        </test-method> <!-- afterClass -->
      </class> <!-- org.isb.training.selenium.RunTest -->
    </test> <!-- Test -->
  </suite> <!-- Suite -->
</testng-results>
